2025-08-09 22:06:00 - STEAM_0:0:457130173 закупи vip за 10 лв.
2025-08-09 22:15:15 - STEAM_0:0:457130173 (потребител: qvor) закупи vip за 10 лв.
2025-08-09 22:15:28 - STEAM_0:0:457130173 (потребител: qvor) закупи vip за 10 лв.
2025-08-09 22:24:26 - STEAM_0:0:457130173 (потребител: qvor) закупи purdnya за 5 лв.
2025-08-09 23:43:41 - STEAM_0:0:457130173 (потребител: qvor) закупи vip за 10 лв. на сървър Главен Сървър
2025-08-09 23:44:54 - STEAM_0:0:457130173 (потребител: qvor) закупи vip за 10 лв. на сървър Главен Сървър
2025-08-09 23:44:58 - STEAM_0:0:457130173 (потребител: qvor) закупи govna за 7.5 лв. на сървър VIP Сървър
2025-08-09 23:48:56 - STEAM_0:0:457130173 (потребител: qvor) закупи vip за 10 лв. на сървър Главен Сървър
2025-08-09 23:49:09 - STEAM_0:0:457130173 (потребител: qvor) закупи vip за 10 лв. на сървър Главен Сървър
2025-08-09 23:49:29 - STEAM_0:0:457130173 (потребител: qvor) закупи vip за 10 лв. на сървър Главен Сървър
2025-08-09 23:53:46 - STEAM_0:0:457130173 (потребител: qvor) закупи vip за 10 лв. на сървър Zane CSGO Mod Competitive
2025-08-09 23:53:53 - STEAM_0:0:457130173 (потребител: qvor) закупи purdnya за 5 лв. на сървър Zane CSGO Mod Competitive
2025-08-09 23:54:00 - STEAM_0:0:457130173 (потребител: qvor) закупи vip за 10 лв. на сървър Zane CSGO Mod Competitive
2025-08-09 23:54:06 - STEAM_0:0:457130173 (потребител: qvor) закупи govna за 7.5 лв. на сървър Zane Zombie Escape
2025-08-09 23:54:09 - STEAM_0:0:457130173 (потребител: qvor) закупи govna за 7.5 лв. на сървър Zane Zombie Escape
2025-08-09 23:54:13 - STEAM_0:0:457130173 (потребител: qvor) закупи drisnya за 12 лв. на сървър Zane Zombie Escape
2025-08-09 23:54:14 - STEAM_0:0:457130173 (потребител: qvor) закупи drisnya за 12 лв. на сървър Zane Zombie Escape
2025-08-09 23:54:14 - STEAM_0:0:457130173 (потребител: qvor) закупи drisnya за 12 лв. на сървър Zane Zombie Escape
2025-08-09 23:54:29 - STEAM_0:0:457130173 (потребител: qvor) закупи drisnya за 12 лв. на сървър Zane Zombie Escape
2025-08-09 23:54:36 - STEAM_0:0:457130173 (потребител: qvor) закупи drisnya за 12 лв. на сървър Zane Zombie Escape
2025-08-09 23:54:37 - STEAM_0:0:457130173 (потребител: qvor) закупи drisnya за 12 лв. на сървър Zane Zombie Escape
2025-08-09 23:54:37 - STEAM_0:0:457130173 (потребител: qvor) закупи drisnya за 12 лв. на сървър Zane Zombie Escape
2025-08-09 23:54:38 - STEAM_0:0:457130173 (потребител: qvor) закупи drisnya за 12 лв. на сървър Zane Zombie Escape
2025-08-10 00:00:05 - STEAM_0:0:457130173 (потребител: qvor) закупи govna за 7.5 лв. на сървър Zane Zombie Escape
2025-08-10 00:00:12 - STEAM_0:0:457130173 (потребител: qvor) закупи vip за 10 лв. на сървър Zane CSGO Mod Competitive
2025-08-10 00:02:34 - STEAM_0:0:457130173 (потребител: qvor) закупи vip за 10 лв. на сървър Zane CSGO Mod Competitive
2025-08-10 10:04:38 - STEAM_0:0:457130173 закупи vip за 10 лв. на сървър Zane CSGO Mod Competitive
2025-08-10 10:16:41 - STEAM_0:0:457130173 закупи vip за 10 лв. на сървър Главен Сървър
2025-08-10 15:09:07 - STEAM_0:0:457130173 (потребител: qvor) закупи vip за 10 лв. на сървър Главен Сървър
2025-08-10 15:21:57 - STEAM_0:0:457130173 (потребител: qvor) закупи vip за 10 лв. на сървър Главен Сървър
2025-08-10 15:22:00 - STEAM_0:0:457130173 (потребител: qvor) закупи vip за 10 лв. на сървър Главен Сървър
2025-08-10 15:22:03 - STEAM_0:0:457130173 (потребител: qvor) закупи vip за 10 лв. на сървър Главен Сървър
2025-08-10 15:28:17 - STEAM_0:0:457130173 (потребител: qvor) закупи vip за 10 лв. на сървър Главен Сървър
2025-08-10 15:28:59 - STEAM_0:0:457130173 (потребител: qvor) закупи vip за 10 лв. на сървър Главен Сървър
2025-08-10 15:49:27 - STEAM_0:0:457130173 (потребител: qvor) закупи vip за 10 лв. на сървър Главен Сървър
2025-08-10 15:56:04 - STEAM_0:0:457130173 (потребител: qvor) закупи vip за 10 лв. на сървър Главен Сървър
2025-08-10 15:59:39 - [PAYPAL] STEAM_0:0:457130173 (потребител: qvor) закупи vip за 10 лв. на сървър Главен Сървър
2025-08-10 15:59:52 - [PAYPAL] STEAM_0:0:457130173 (потребител: qvor) закупи vip за 10 лв. на сървър Главен Сървър
2025-08-10 20:02:42 - STEAM_0:0:457130173 (user: martink1337) purchase vip for 5 eur in server Competitive CSGO Mod [KEY: OCXBySqvUVPbOTM1SNpuVaEBw42X59sy]
2025-08-10 20:06:09 - STEAM_0:0:457130173 (user: martink1337) purchase vip for 5 eur in server Competitive CSGO Mod
2025-08-10 20:06:19 - STEAM_0:0:457130173 (user: martink1337) purchase vip for 5 eur in server Competitive CSGO Mod
2025-08-10 20:06:45 - STEAM_0:0:457130173 (user: martink1337) purchase vip for 5 eur in server Competitive CSGO Mod
2025-08-10 20:07:14 - STEAM_0:0:457130173 (user: martink1337) purchase vip for 5 eur in server Competitive CSGO Mod
2025-08-10 20:32:40 - [PAYPAL] STEAM_0:0:457130173 (user: martink1337) purchase vip for 5 eur in server Competitive CSGO Mod [KEY: SajANChtKs4WXSL3xY5mktUFrsZJg3Qi]
2025-08-10 21:07:35 - STEAM_0:0:457130173 (user: martink1337) purchase vip for 5 eur in server Competitive CSGO Mod [KEY: 5oEVBCUJaZO0Q8ttWKXH04vh8l2PeLZK]
2025-08-10 21:11:55 - STEAM_0:0:457130173 (user: martink1337) purchase vip for 5 eur in server Competitive CSGO Mod [KEY: kura5]
2025-08-10 21:13:06 - STEAM_0:0:457130173 (user: martink1337) purchase vip for 5 eur in server Competitive CSGO Mod [KEY: Vgm9A8H8Usg3tf3AG5G39WUV8ENAxY0U]
2025-08-10 22:08:26 - STEAM_0:0:457130173 (user: martink1337) purchase vip for 5 eur in server Competitive CSGO Mod [KEY: FXhw93E8eo510275fQ20w051A87g3U7M]
