2025-08-09 20:15:07 - DEBUG: Опит за свързване с localhost:27015
2025-08-09 20:15:11 - DEBUG: Грешка при свързване: 10061 - No connection could be made because the target machine actively refused it.

2025-08-09 22:06:00 - DEBUG: Опит за свързване с 192.168.1.19:27018
2025-08-09 22:06:00 - DEBUG: Успешно свързване
2025-08-09 22:06:00 - DEBUG: Изпращане на автентификация...
2025-08-09 22:06:00 - DEBUG: Автентификация изпратена (17 bytes)
2025-08-09 22:06:00 - DEBUG: Очакван размер на пакет: 10
2025-08-09 22:06:00 - DEBUG: Автентификация отговор: ID=1, Type=0
2025-08-09 22:06:00 - DEBUG: Изпращане на команда: sm_addvip "STEAM_0:0:457130173" 30 "vip"
2025-08-09 22:06:00 - DEBUG: Команда изпратена (54 bytes)
2025-08-09 22:06:00 - DEBUG: Очакван размер на пакет: 10
2025-08-09 22:06:00 - DEBUG: Получен отговор: 
2025-08-09 22:06:00 - DEBUG: Затваряне на връзката
2025-08-09 22:15:15 - DEBUG: Опит за свързване с 192.168.1.19:27018
2025-08-09 22:15:15 - DEBUG: Успешно свързване
2025-08-09 22:15:15 - DEBUG: Изпращане на автентификация...
2025-08-09 22:15:15 - DEBUG: Автентификация изпратена (17 bytes)
2025-08-09 22:15:15 - DEBUG: Очакван размер на пакет: 10
2025-08-09 22:15:15 - DEBUG: Автентификация отговор: ID=1, Type=0
2025-08-09 22:15:15 - DEBUG: Изпращане на команда: sm_addvip "STEAM_0:0:457130173" 30 "vip"
2025-08-09 22:15:15 - DEBUG: Команда изпратена (54 bytes)
2025-08-09 22:15:15 - DEBUG: Очакван размер на пакет: 10
2025-08-09 22:15:15 - DEBUG: Получен отговор: 
2025-08-09 22:15:15 - DEBUG: Затваряне на връзката
2025-08-09 22:15:28 - DEBUG: Опит за свързване с 192.168.1.19:27018
2025-08-09 22:15:28 - DEBUG: Успешно свързване
2025-08-09 22:15:28 - DEBUG: Изпращане на автентификация...
2025-08-09 22:15:28 - DEBUG: Автентификация изпратена (17 bytes)
2025-08-09 22:15:28 - DEBUG: Очакван размер на пакет: 10
2025-08-09 22:15:28 - DEBUG: Автентификация отговор: ID=1, Type=0
2025-08-09 22:15:28 - DEBUG: Изпращане на команда: sm_addvip "STEAM_0:0:457130173" 30 "vip"
2025-08-09 22:15:28 - DEBUG: Команда изпратена (54 bytes)
2025-08-09 22:15:28 - DEBUG: Очакван размер на пакет: 10
2025-08-09 22:15:28 - DEBUG: Получен отговор: 
2025-08-09 22:15:28 - DEBUG: Затваряне на връзката
2025-08-09 22:24:26 - DEBUG: Опит за свързване с 192.168.1.19:27018
2025-08-09 22:24:26 - DEBUG: Успешно свързване
2025-08-09 22:24:26 - DEBUG: Изпращане на автентификация...
2025-08-09 22:24:26 - DEBUG: Автентификация изпратена (17 bytes)
2025-08-09 22:24:26 - DEBUG: Очакван размер на пакет: 10
2025-08-09 22:24:26 - DEBUG: Автентификация отговор: ID=1, Type=0
2025-08-09 22:24:26 - DEBUG: Изпращане на команда: sm_addvip "STEAM_0:0:457130173" 30 "purdnya"
2025-08-09 22:24:26 - DEBUG: Команда изпратена (58 bytes)
2025-08-09 22:24:26 - DEBUG: Очакван размер на пакет: 10
2025-08-09 22:24:26 - DEBUG: Получен отговор: 
2025-08-09 22:24:26 - DEBUG: Затваряне на връзката
2025-08-09 23:43:36 - DEBUG: Опит за свързване с 192.168.1.19:27019
2025-08-09 23:43:38 - DEBUG: Грешка при свързване: 10061 - No connection could be made because the target machine actively refused it.

2025-08-09 23:43:41 - DEBUG: Опит за свързване с 192.168.1.19:27018
2025-08-09 23:43:41 - DEBUG: Успешно свързване
2025-08-09 23:43:41 - DEBUG: Изпращане на автентификация...
2025-08-09 23:43:41 - DEBUG: Автентификация изпратена (17 bytes)
2025-08-09 23:43:41 - DEBUG: Очакван размер на пакет: 10
2025-08-09 23:43:41 - DEBUG: Автентификация отговор: ID=1, Type=0
2025-08-09 23:43:41 - DEBUG: Изпращане на команда: sm_addvip "STEAM_0:0:457130173" 30 "vip"
2025-08-09 23:43:41 - DEBUG: Команда изпратена (54 bytes)
2025-08-09 23:43:41 - DEBUG: Очакван размер на пакет: 10
2025-08-09 23:43:41 - DEBUG: Получен отговор: 
2025-08-09 23:43:41 - DEBUG: Затваряне на връзката
2025-08-09 23:44:54 - DEBUG: Опит за свързване с 192.168.1.19:27018
2025-08-09 23:44:54 - DEBUG: Успешно свързване
2025-08-09 23:44:54 - DEBUG: Изпращане на автентификация...
2025-08-09 23:44:54 - DEBUG: Автентификация изпратена (17 bytes)
2025-08-09 23:44:54 - DEBUG: Очакван размер на пакет: 10
2025-08-09 23:44:54 - DEBUG: Автентификация отговор: ID=1, Type=0
2025-08-09 23:44:54 - DEBUG: Изпращане на команда: sm_addvip "STEAM_0:0:457130173" 30 "vip"
2025-08-09 23:44:54 - DEBUG: Команда изпратена (54 bytes)
2025-08-09 23:44:54 - DEBUG: Очакван размер на пакет: 10
2025-08-09 23:44:54 - DEBUG: Получен отговор: 
2025-08-09 23:44:54 - DEBUG: Затваряне на връзката
2025-08-09 23:44:58 - DEBUG: Опит за свързване с 192.168.1.19:27015
2025-08-09 23:44:58 - DEBUG: Успешно свързване
2025-08-09 23:44:58 - DEBUG: Изпращане на автентификация...
2025-08-09 23:44:58 - DEBUG: Автентификация изпратена (26 bytes)
2025-08-09 23:44:58 - DEBUG: Очакван размер на пакет: 10
2025-08-09 23:44:58 - DEBUG: Автентификация отговор: ID=1, Type=0
2025-08-09 23:44:58 - DEBUG: Изпращане на команда: sm_addvip "STEAM_0:0:457130173" 30 "govna"
2025-08-09 23:44:58 - DEBUG: Команда изпратена (56 bytes)
2025-08-09 23:44:58 - DEBUG: Очакван размер на пакет: 10
2025-08-09 23:44:58 - DEBUG: Получен отговор: 
2025-08-09 23:44:58 - DEBUG: Затваряне на връзката
2025-08-09 23:48:55 - DEBUG: Опит за свързване с 192.168.1.19:27018
2025-08-09 23:48:55 - DEBUG: Успешно свързване
2025-08-09 23:48:55 - DEBUG: Изпращане на автентификация...
2025-08-09 23:48:55 - DEBUG: Автентификация изпратена (17 bytes)
2025-08-09 23:48:55 - DEBUG: Очакван размер на пакет: 10
2025-08-09 23:48:55 - DEBUG: Автентификация отговор: ID=1, Type=0
2025-08-09 23:48:55 - DEBUG: Изпращане на команда: sm_addvip "STEAM_0:0:457130173" 30 "vip"
2025-08-09 23:48:55 - DEBUG: Команда изпратена (54 bytes)
2025-08-09 23:48:56 - DEBUG: Очакван размер на пакет: 10
2025-08-09 23:48:56 - DEBUG: Получен отговор: 
2025-08-09 23:48:56 - DEBUG: Затваряне на връзката
2025-08-09 23:49:09 - DEBUG: Опит за свързване с 192.168.1.19:27018
2025-08-09 23:49:09 - DEBUG: Успешно свързване
2025-08-09 23:49:09 - DEBUG: Изпращане на автентификация...
2025-08-09 23:49:09 - DEBUG: Автентификация изпратена (17 bytes)
2025-08-09 23:49:09 - DEBUG: Очакван размер на пакет: 10
2025-08-09 23:49:09 - DEBUG: Автентификация отговор: ID=1, Type=0
2025-08-09 23:49:09 - DEBUG: Изпращане на команда: sm_addvip "STEAM_0:0:457130173" 30 "vip"
2025-08-09 23:49:09 - DEBUG: Команда изпратена (54 bytes)
2025-08-09 23:49:09 - DEBUG: Очакван размер на пакет: 10
2025-08-09 23:49:09 - DEBUG: Получен отговор: 
2025-08-09 23:49:09 - DEBUG: Затваряне на връзката
2025-08-09 23:49:29 - DEBUG: Опит за свързване с 192.168.1.19:27018
2025-08-09 23:49:29 - DEBUG: Успешно свързване
2025-08-09 23:49:29 - DEBUG: Изпращане на автентификация...
2025-08-09 23:49:29 - DEBUG: Автентификация изпратена (17 bytes)
2025-08-09 23:49:29 - DEBUG: Очакван размер на пакет: 10
2025-08-09 23:49:29 - DEBUG: Автентификация отговор: ID=1, Type=0
2025-08-09 23:49:29 - DEBUG: Изпращане на команда: sm_addvip "STEAM_0:0:457130173" 30 "vip"
2025-08-09 23:49:29 - DEBUG: Команда изпратена (54 bytes)
2025-08-09 23:49:29 - DEBUG: Очакван размер на пакет: 10
2025-08-09 23:49:29 - DEBUG: Получен отговор: 
2025-08-09 23:49:29 - DEBUG: Затваряне на връзката
2025-08-09 23:50:28 - DEBUG: Опит за свързване с 192.168.1.19:27019
2025-08-09 23:50:30 - DEBUG: Грешка при свързване: 10061 - No connection could be made because the target machine actively refused it.

2025-08-09 23:53:46 - DEBUG: Опит за свързване с 192.168.1.19:27018
2025-08-09 23:53:46 - DEBUG: Успешно свързване
2025-08-09 23:53:46 - DEBUG: Изпращане на автентификация...
2025-08-09 23:53:46 - DEBUG: Автентификация изпратена (17 bytes)
2025-08-09 23:53:46 - DEBUG: Очакван размер на пакет: 10
2025-08-09 23:53:46 - DEBUG: Автентификация отговор: ID=1, Type=0
2025-08-09 23:53:46 - DEBUG: Изпращане на команда: sm_addvip "STEAM_0:0:457130173" 30 "vip"
2025-08-09 23:53:46 - DEBUG: Команда изпратена (54 bytes)
2025-08-09 23:53:46 - DEBUG: Очакван размер на пакет: 10
2025-08-09 23:53:46 - DEBUG: Получен отговор: 
2025-08-09 23:53:46 - DEBUG: Затваряне на връзката
2025-08-09 23:53:53 - DEBUG: Опит за свързване с 192.168.1.19:27018
2025-08-09 23:53:53 - DEBUG: Успешно свързване
2025-08-09 23:53:53 - DEBUG: Изпращане на автентификация...
2025-08-09 23:53:53 - DEBUG: Автентификация изпратена (17 bytes)
2025-08-09 23:53:53 - DEBUG: Очакван размер на пакет: 10
2025-08-09 23:53:53 - DEBUG: Автентификация отговор: ID=1, Type=0
2025-08-09 23:53:53 - DEBUG: Изпращане на команда: sm_addvip "STEAM_0:0:457130173" 30 "purdnya"
2025-08-09 23:53:53 - DEBUG: Команда изпратена (58 bytes)
2025-08-09 23:53:53 - DEBUG: Очакван размер на пакет: 10
2025-08-09 23:53:53 - DEBUG: Получен отговор: 
2025-08-09 23:53:53 - DEBUG: Затваряне на връзката
2025-08-09 23:54:00 - DEBUG: Опит за свързване с 192.168.1.19:27018
2025-08-09 23:54:00 - DEBUG: Успешно свързване
2025-08-09 23:54:00 - DEBUG: Изпращане на автентификация...
2025-08-09 23:54:00 - DEBUG: Автентификация изпратена (17 bytes)
2025-08-09 23:54:00 - DEBUG: Очакван размер на пакет: 10
2025-08-09 23:54:00 - DEBUG: Автентификация отговор: ID=1, Type=0
2025-08-09 23:54:00 - DEBUG: Изпращане на команда: sm_addvip "STEAM_0:0:457130173" 30 "vip"
2025-08-09 23:54:00 - DEBUG: Команда изпратена (54 bytes)
2025-08-09 23:54:00 - DEBUG: Очакван размер на пакет: 10
2025-08-09 23:54:00 - DEBUG: Получен отговор: 
2025-08-09 23:54:00 - DEBUG: Затваряне на връзката
2025-08-09 23:54:06 - DEBUG: Опит за свързване с 192.168.1.19:27015
2025-08-09 23:54:06 - DEBUG: Успешно свързване
2025-08-09 23:54:06 - DEBUG: Изпращане на автентификация...
2025-08-09 23:54:06 - DEBUG: Автентификация изпратена (30 bytes)
2025-08-09 23:54:06 - DEBUG: Очакван размер на пакет: 10
2025-08-09 23:54:06 - DEBUG: Автентификация отговор: ID=1, Type=0
2025-08-09 23:54:06 - DEBUG: Изпращане на команда: sm_addvip "STEAM_0:0:457130173" 30 "govna"
2025-08-09 23:54:06 - DEBUG: Команда изпратена (56 bytes)
2025-08-09 23:54:06 - DEBUG: Очакван размер на пакет: 10
2025-08-09 23:54:06 - DEBUG: Получен отговор: 
2025-08-09 23:54:06 - DEBUG: Затваряне на връзката
2025-08-09 23:54:09 - DEBUG: Опит за свързване с 192.168.1.19:27015
2025-08-09 23:54:09 - DEBUG: Успешно свързване
2025-08-09 23:54:09 - DEBUG: Изпращане на автентификация...
2025-08-09 23:54:09 - DEBUG: Автентификация изпратена (30 bytes)
2025-08-09 23:54:09 - DEBUG: Очакван размер на пакет: 10
2025-08-09 23:54:09 - DEBUG: Автентификация отговор: ID=1, Type=0
2025-08-09 23:54:09 - DEBUG: Изпращане на команда: sm_addvip "STEAM_0:0:457130173" 30 "govna"
2025-08-09 23:54:09 - DEBUG: Команда изпратена (56 bytes)
2025-08-09 23:54:09 - DEBUG: Очакван размер на пакет: 10
2025-08-09 23:54:09 - DEBUG: Получен отговор: 
2025-08-09 23:54:09 - DEBUG: Затваряне на връзката
2025-08-09 23:54:13 - DEBUG: Опит за свързване с 192.168.1.19:27015
2025-08-09 23:54:13 - DEBUG: Успешно свързване
2025-08-09 23:54:13 - DEBUG: Изпращане на автентификация...
2025-08-09 23:54:13 - DEBUG: Автентификация изпратена (30 bytes)
2025-08-09 23:54:13 - DEBUG: Очакван размер на пакет: 10
2025-08-09 23:54:13 - DEBUG: Автентификация отговор: ID=1, Type=0
2025-08-09 23:54:13 - DEBUG: Изпращане на команда: sm_addvip "STEAM_0:0:457130173" 30 "drisnya"
2025-08-09 23:54:13 - DEBUG: Команда изпратена (58 bytes)
2025-08-09 23:54:13 - DEBUG: Очакван размер на пакет: 10
2025-08-09 23:54:13 - DEBUG: Получен отговор: 
2025-08-09 23:54:13 - DEBUG: Затваряне на връзката
2025-08-09 23:54:13 - DEBUG: Опит за свързване с 192.168.1.19:27015
2025-08-09 23:54:14 - DEBUG: Успешно свързване
2025-08-09 23:54:14 - DEBUG: Изпращане на автентификация...
2025-08-09 23:54:14 - DEBUG: Автентификация изпратена (30 bytes)
2025-08-09 23:54:14 - DEBUG: Очакван размер на пакет: 10
2025-08-09 23:54:14 - DEBUG: Автентификация отговор: ID=1, Type=0
2025-08-09 23:54:14 - DEBUG: Изпращане на команда: sm_addvip "STEAM_0:0:457130173" 30 "drisnya"
2025-08-09 23:54:14 - DEBUG: Команда изпратена (58 bytes)
2025-08-09 23:54:14 - DEBUG: Очакван размер на пакет: 10
2025-08-09 23:54:14 - DEBUG: Получен отговор: 
2025-08-09 23:54:14 - DEBUG: Затваряне на връзката
2025-08-09 23:54:14 - DEBUG: Опит за свързване с 192.168.1.19:27015
2025-08-09 23:54:14 - DEBUG: Успешно свързване
2025-08-09 23:54:14 - DEBUG: Изпращане на автентификация...
2025-08-09 23:54:14 - DEBUG: Автентификация изпратена (30 bytes)
2025-08-09 23:54:14 - DEBUG: Очакван размер на пакет: 10
2025-08-09 23:54:14 - DEBUG: Автентификация отговор: ID=1, Type=0
2025-08-09 23:54:14 - DEBUG: Изпращане на команда: sm_addvip "STEAM_0:0:457130173" 30 "drisnya"
2025-08-09 23:54:14 - DEBUG: Команда изпратена (58 bytes)
2025-08-09 23:54:14 - DEBUG: Очакван размер на пакет: 10
2025-08-09 23:54:14 - DEBUG: Получен отговор: 
2025-08-09 23:54:14 - DEBUG: Затваряне на връзката
2025-08-09 23:54:29 - DEBUG: Опит за свързване с 192.168.1.19:27015
2025-08-09 23:54:29 - DEBUG: Успешно свързване
2025-08-09 23:54:29 - DEBUG: Изпращане на автентификация...
2025-08-09 23:54:29 - DEBUG: Автентификация изпратена (30 bytes)
2025-08-09 23:54:29 - DEBUG: Очакван размер на пакет: 10
2025-08-09 23:54:29 - DEBUG: Автентификация отговор: ID=1, Type=0
2025-08-09 23:54:29 - DEBUG: Изпращане на команда: sm_addvip "STEAM_0:0:457130173" 30 "drisnya"
2025-08-09 23:54:29 - DEBUG: Команда изпратена (58 bytes)
2025-08-09 23:54:29 - DEBUG: Очакван размер на пакет: 10
2025-08-09 23:54:29 - DEBUG: Получен отговор: 
2025-08-09 23:54:29 - DEBUG: Затваряне на връзката
2025-08-09 23:54:36 - DEBUG: Опит за свързване с 192.168.1.19:27015
2025-08-09 23:54:36 - DEBUG: Успешно свързване
2025-08-09 23:54:36 - DEBUG: Изпращане на автентификация...
2025-08-09 23:54:36 - DEBUG: Автентификация изпратена (30 bytes)
2025-08-09 23:54:36 - DEBUG: Очакван размер на пакет: 10
2025-08-09 23:54:36 - DEBUG: Автентификация отговор: ID=1, Type=0
2025-08-09 23:54:36 - DEBUG: Изпращане на команда: sm_addvip "STEAM_0:0:457130173" 30 "drisnya"
2025-08-09 23:54:36 - DEBUG: Команда изпратена (58 bytes)
2025-08-09 23:54:36 - DEBUG: Очакван размер на пакет: 10
2025-08-09 23:54:36 - DEBUG: Получен отговор: 
2025-08-09 23:54:36 - DEBUG: Затваряне на връзката
2025-08-09 23:54:37 - DEBUG: Опит за свързване с 192.168.1.19:27015
2025-08-09 23:54:37 - DEBUG: Успешно свързване
2025-08-09 23:54:37 - DEBUG: Изпращане на автентификация...
2025-08-09 23:54:37 - DEBUG: Автентификация изпратена (30 bytes)
2025-08-09 23:54:37 - DEBUG: Очакван размер на пакет: 10
2025-08-09 23:54:37 - DEBUG: Автентификация отговор: ID=1, Type=0
2025-08-09 23:54:37 - DEBUG: Изпращане на команда: sm_addvip "STEAM_0:0:457130173" 30 "drisnya"
2025-08-09 23:54:37 - DEBUG: Команда изпратена (58 bytes)
2025-08-09 23:54:37 - DEBUG: Очакван размер на пакет: 10
2025-08-09 23:54:37 - DEBUG: Получен отговор: 
2025-08-09 23:54:37 - DEBUG: Затваряне на връзката
2025-08-09 23:54:37 - DEBUG: Опит за свързване с 192.168.1.19:27015
2025-08-09 23:54:37 - DEBUG: Успешно свързване
2025-08-09 23:54:37 - DEBUG: Изпращане на автентификация...
2025-08-09 23:54:37 - DEBUG: Автентификация изпратена (30 bytes)
2025-08-09 23:54:37 - DEBUG: Очакван размер на пакет: 10
2025-08-09 23:54:37 - DEBUG: Автентификация отговор: ID=1, Type=0
2025-08-09 23:54:37 - DEBUG: Изпращане на команда: sm_addvip "STEAM_0:0:457130173" 30 "drisnya"
2025-08-09 23:54:37 - DEBUG: Команда изпратена (58 bytes)
2025-08-09 23:54:37 - DEBUG: Очакван размер на пакет: 10
2025-08-09 23:54:37 - DEBUG: Получен отговор: 
2025-08-09 23:54:37 - DEBUG: Затваряне на връзката
2025-08-09 23:54:38 - DEBUG: Опит за свързване с 192.168.1.19:27015
2025-08-09 23:54:38 - DEBUG: Успешно свързване
2025-08-09 23:54:38 - DEBUG: Изпращане на автентификация...
2025-08-09 23:54:38 - DEBUG: Автентификация изпратена (30 bytes)
2025-08-09 23:54:38 - DEBUG: Очакван размер на пакет: 10
2025-08-09 23:54:38 - DEBUG: Автентификация отговор: ID=1, Type=0
2025-08-09 23:54:38 - DEBUG: Изпращане на команда: sm_addvip "STEAM_0:0:457130173" 30 "drisnya"
2025-08-09 23:54:38 - DEBUG: Команда изпратена (58 bytes)
2025-08-09 23:54:38 - DEBUG: Очакван размер на пакет: 10
2025-08-09 23:54:38 - DEBUG: Получен отговор: 
2025-08-09 23:54:38 - DEBUG: Затваряне на връзката
2025-08-10 00:00:05 - DEBUG: Опит за свързване с 192.168.1.19:27015
2025-08-10 00:00:05 - DEBUG: Успешно свързване
2025-08-10 00:00:05 - DEBUG: Изпращане на автентификация...
2025-08-10 00:00:05 - DEBUG: Автентификация изпратена (30 bytes)
2025-08-10 00:00:05 - DEBUG: Очакван размер на пакет: 10
2025-08-10 00:00:05 - DEBUG: Автентификация отговор: ID=1, Type=0
2025-08-10 00:00:05 - DEBUG: Изпращане на команда: sm_addvip "STEAM_0:0:457130173" 30 "govna"
2025-08-10 00:00:05 - DEBUG: Команда изпратена (56 bytes)
2025-08-10 00:00:05 - DEBUG: Очакван размер на пакет: 10
2025-08-10 00:00:05 - DEBUG: Получен отговор: 
2025-08-10 00:00:05 - DEBUG: Затваряне на връзката
2025-08-10 00:00:12 - DEBUG: Опит за свързване с 192.168.1.19:27018
2025-08-10 00:00:12 - DEBUG: Успешно свързване
2025-08-10 00:00:12 - DEBUG: Изпращане на автентификация...
2025-08-10 00:00:12 - DEBUG: Автентификация изпратена (17 bytes)
2025-08-10 00:00:12 - DEBUG: Очакван размер на пакет: 10
2025-08-10 00:00:12 - DEBUG: Автентификация отговор: ID=1, Type=0
2025-08-10 00:00:12 - DEBUG: Изпращане на команда: sm_addvip "STEAM_0:0:457130173" 30 "vip"
2025-08-10 00:00:12 - DEBUG: Команда изпратена (54 bytes)
2025-08-10 00:00:12 - DEBUG: Очакван размер на пакет: 10
2025-08-10 00:00:12 - DEBUG: Получен отговор: 
2025-08-10 00:00:12 - DEBUG: Затваряне на връзката
2025-08-10 00:02:34 - DEBUG: Опит за свързване с 192.168.1.19:27018
2025-08-10 00:02:34 - DEBUG: Успешно свързване
2025-08-10 00:02:34 - DEBUG: Изпращане на автентификация...
2025-08-10 00:02:34 - DEBUG: Автентификация изпратена (17 bytes)
2025-08-10 00:02:34 - DEBUG: Очакван размер на пакет: 10
2025-08-10 00:02:34 - DEBUG: Автентификация отговор: ID=1, Type=0
2025-08-10 00:02:34 - DEBUG: Изпращане на команда: sm_addvip "STEAM_0:0:457130173" 30 "vip"
2025-08-10 00:02:34 - DEBUG: Команда изпратена (54 bytes)
2025-08-10 00:02:34 - DEBUG: Очакван размер на пакет: 10
2025-08-10 00:02:34 - DEBUG: Получен отговор: 
2025-08-10 00:02:34 - DEBUG: Затваряне на връзката
2025-08-10 10:00:19 - DEBUG: Опит за свързване с 192.168.1.19:27018
2025-08-10 10:00:19 - DEBUG: Грешка при свързване: 10013 - An attempt was made to access a socket in a way forbidden by its access permissions.

2025-08-10 10:04:38 - DEBUG: Опит за свързване с 192.168.1.19:27018
2025-08-10 10:04:38 - DEBUG: Успешно свързване
2025-08-10 10:04:38 - DEBUG: Изпращане на автентификация...
2025-08-10 10:04:38 - DEBUG: Автентификация изпратена (17 bytes)
2025-08-10 10:04:38 - DEBUG: Очакван размер на пакет: 10
2025-08-10 10:04:38 - DEBUG: Автентификация отговор: ID=1, Type=0
2025-08-10 10:04:38 - DEBUG: Изпращане на команда: sm_addvip "STEAM_0:0:457130173" 30 "vip"
2025-08-10 10:04:38 - DEBUG: Команда изпратена (54 bytes)
2025-08-10 10:04:38 - DEBUG: Очакван размер на пакет: 10
2025-08-10 10:04:38 - DEBUG: Получен отговор: 
2025-08-10 10:04:38 - DEBUG: Затваряне на връзката
2025-08-10 10:16:41 - DEBUG: Опит за свързване с 192.168.1.19:27018
2025-08-10 10:16:41 - DEBUG: Успешно свързване
2025-08-10 10:16:41 - DEBUG: Изпращане на автентификация...
2025-08-10 10:16:41 - DEBUG: Автентификация изпратена (17 bytes)
2025-08-10 10:16:41 - DEBUG: Очакван размер на пакет: 10
2025-08-10 10:16:41 - DEBUG: Автентификация отговор: ID=1, Type=0
2025-08-10 10:16:41 - DEBUG: Изпращане на команда: sm_addvip "STEAM_0:0:457130173" 30 "vip"
2025-08-10 10:16:41 - DEBUG: Команда изпратена (54 bytes)
2025-08-10 10:16:41 - DEBUG: Очакван размер на пакет: 10
2025-08-10 10:16:41 - DEBUG: Получен отговор: 
2025-08-10 10:16:41 - DEBUG: Затваряне на връзката
2025-08-10 15:09:07 - DEBUG: Опит за свързване с 192.168.1.19:27018
2025-08-10 15:09:07 - DEBUG: Успешно свързване
2025-08-10 15:09:07 - DEBUG: Изпращане на автентификация...
2025-08-10 15:09:07 - DEBUG: Автентификация изпратена (17 bytes)
2025-08-10 15:09:07 - DEBUG: Очакван размер на пакет: 10
2025-08-10 15:09:07 - DEBUG: Автентификация отговор: ID=1, Type=0
2025-08-10 15:09:07 - DEBUG: Изпращане на команда: sm_addvip "STEAM_0:0:457130173" 30 "vip"
2025-08-10 15:09:07 - DEBUG: Команда изпратена (54 bytes)
2025-08-10 15:09:07 - DEBUG: Очакван размер на пакет: 10
2025-08-10 15:09:07 - DEBUG: Получен отговор: 
2025-08-10 15:09:07 - DEBUG: Затваряне на връзката
2025-08-10 15:21:57 - DEBUG: Опит за свързване с 192.168.1.19:27018
2025-08-10 15:21:57 - DEBUG: Успешно свързване
2025-08-10 15:21:57 - DEBUG: Изпращане на автентификация...
2025-08-10 15:21:57 - DEBUG: Автентификация изпратена (17 bytes)
2025-08-10 15:21:57 - DEBUG: Очакван размер на пакет: 10
2025-08-10 15:21:57 - DEBUG: Автентификация отговор: ID=1, Type=0
2025-08-10 15:21:57 - DEBUG: Изпращане на команда: sm_addvip "STEAM_0:0:457130173" 30 "vip"
2025-08-10 15:21:57 - DEBUG: Команда изпратена (54 bytes)
2025-08-10 15:21:57 - DEBUG: Очакван размер на пакет: 10
2025-08-10 15:21:57 - DEBUG: Получен отговор: 
2025-08-10 15:21:57 - DEBUG: Затваряне на връзката
2025-08-10 15:22:00 - DEBUG: Опит за свързване с 192.168.1.19:27018
2025-08-10 15:22:00 - DEBUG: Успешно свързване
2025-08-10 15:22:00 - DEBUG: Изпращане на автентификация...
2025-08-10 15:22:00 - DEBUG: Автентификация изпратена (17 bytes)
2025-08-10 15:22:00 - DEBUG: Очакван размер на пакет: 10
2025-08-10 15:22:00 - DEBUG: Автентификация отговор: ID=1, Type=0
2025-08-10 15:22:00 - DEBUG: Изпращане на команда: sm_addvip "STEAM_0:0:457130173" 30 "vip"
2025-08-10 15:22:00 - DEBUG: Команда изпратена (54 bytes)
2025-08-10 15:22:00 - DEBUG: Очакван размер на пакет: 10
2025-08-10 15:22:00 - DEBUG: Получен отговор: 
2025-08-10 15:22:00 - DEBUG: Затваряне на връзката
2025-08-10 15:22:03 - DEBUG: Опит за свързване с 192.168.1.19:27018
2025-08-10 15:22:03 - DEBUG: Успешно свързване
2025-08-10 15:22:03 - DEBUG: Изпращане на автентификация...
2025-08-10 15:22:03 - DEBUG: Автентификация изпратена (17 bytes)
2025-08-10 15:22:03 - DEBUG: Очакван размер на пакет: 10
2025-08-10 15:22:03 - DEBUG: Автентификация отговор: ID=1, Type=0
2025-08-10 15:22:03 - DEBUG: Изпращане на команда: sm_addvip "STEAM_0:0:457130173" 30 "vip"
2025-08-10 15:22:03 - DEBUG: Команда изпратена (54 bytes)
2025-08-10 15:22:03 - DEBUG: Очакван размер на пакет: 10
2025-08-10 15:22:03 - DEBUG: Получен отговор: 
2025-08-10 15:22:03 - DEBUG: Затваряне на връзката
2025-08-10 15:22:09 - DEBUG: Опит за свързване с 192.168.1.19:27019
2025-08-10 15:22:11 - DEBUG: Грешка при свързване: 10061 - No connection could be made because the target machine actively refused it.

2025-08-10 15:28:01 - DEBUG: Опит за свързване с 192.168.1.19:27019
2025-08-10 15:28:03 - DEBUG: Грешка при свързване: 10061 - No connection could be made because the target machine actively refused it.

2025-08-10 15:28:17 - DEBUG: Опит за свързване с 192.168.1.19:27018
2025-08-10 15:28:17 - DEBUG: Успешно свързване
2025-08-10 15:28:17 - DEBUG: Изпращане на автентификация...
2025-08-10 15:28:17 - DEBUG: Автентификация изпратена (17 bytes)
2025-08-10 15:28:17 - DEBUG: Очакван размер на пакет: 10
2025-08-10 15:28:17 - DEBUG: Автентификация отговор: ID=1, Type=0
2025-08-10 15:28:17 - DEBUG: Изпращане на команда: sm_addvip "STEAM_0:0:457130173" 30 "vip"
2025-08-10 15:28:17 - DEBUG: Команда изпратена (54 bytes)
2025-08-10 15:28:17 - DEBUG: Очакван размер на пакет: 10
2025-08-10 15:28:17 - DEBUG: Получен отговор: 
2025-08-10 15:28:17 - DEBUG: Затваряне на връзката
2025-08-10 15:28:59 - DEBUG: Опит за свързване с 192.168.1.19:27018
2025-08-10 15:28:59 - DEBUG: Успешно свързване
2025-08-10 15:28:59 - DEBUG: Изпращане на автентификация...
2025-08-10 15:28:59 - DEBUG: Автентификация изпратена (17 bytes)
2025-08-10 15:28:59 - DEBUG: Очакван размер на пакет: 10
2025-08-10 15:28:59 - DEBUG: Автентификация отговор: ID=1, Type=0
2025-08-10 15:28:59 - DEBUG: Изпращане на команда: sm_addvip "STEAM_0:0:457130173" 30 "vip"
2025-08-10 15:28:59 - DEBUG: Команда изпратена (54 bytes)
2025-08-10 15:28:59 - DEBUG: Очакван размер на пакет: 10
2025-08-10 15:28:59 - DEBUG: Получен отговор: 
2025-08-10 15:28:59 - DEBUG: Затваряне на връзката
2025-08-10 15:29:04 - DEBUG: Опит за свързване с 192.168.1.19:27019
2025-08-10 15:29:07 - DEBUG: Грешка при свързване: 10061 - No connection could be made because the target machine actively refused it.

2025-08-10 15:49:27 - DEBUG: Опит за свързване с 192.168.1.19:27018
2025-08-10 15:49:27 - DEBUG: Успешно свързване
2025-08-10 15:49:27 - DEBUG: Изпращане на автентификация...
2025-08-10 15:49:27 - DEBUG: Автентификация изпратена (17 bytes)
2025-08-10 15:49:27 - DEBUG: Очакван размер на пакет: 10
2025-08-10 15:49:27 - DEBUG: Автентификация отговор: ID=1, Type=0
2025-08-10 15:49:27 - DEBUG: Изпращане на команда: sm_addvip "STEAM_0:0:457130173" 30 "vip"
2025-08-10 15:49:27 - DEBUG: Команда изпратена (54 bytes)
2025-08-10 15:49:27 - DEBUG: Очакван размер на пакет: 10
2025-08-10 15:49:27 - DEBUG: Получен отговор: 
2025-08-10 15:49:27 - DEBUG: Затваряне на връзката
2025-08-10 15:56:04 - DEBUG: Опит за свързване с 192.168.1.19:27018
2025-08-10 15:56:04 - DEBUG: Успешно свързване
2025-08-10 15:56:04 - DEBUG: Изпращане на автентификация...
2025-08-10 15:56:04 - DEBUG: Автентификация изпратена (17 bytes)
2025-08-10 15:56:04 - DEBUG: Очакван размер на пакет: 10
2025-08-10 15:56:04 - DEBUG: Автентификация отговор: ID=1, Type=0
2025-08-10 15:56:04 - DEBUG: Изпращане на команда: sm_addvip "STEAM_0:0:457130173" 30 "vip"
2025-08-10 15:56:04 - DEBUG: Команда изпратена (54 bytes)
2025-08-10 15:56:04 - DEBUG: Очакван размер на пакет: 10
2025-08-10 15:56:04 - DEBUG: Получен отговор: 
2025-08-10 15:56:04 - DEBUG: Затваряне на връзката
2025-08-10 15:59:39 - DEBUG: Опит за свързване с 192.168.1.19:27018
2025-08-10 15:59:39 - DEBUG: Успешно свързване
2025-08-10 15:59:39 - DEBUG: Изпращане на автентификация...
2025-08-10 15:59:39 - DEBUG: Автентификация изпратена (17 bytes)
2025-08-10 15:59:39 - DEBUG: Очакван размер на пакет: 10
2025-08-10 15:59:39 - DEBUG: Автентификация отговор: ID=1, Type=0
2025-08-10 15:59:39 - DEBUG: Изпращане на команда: sm_addvip "STEAM_0:0:457130173" 30 "vip"
2025-08-10 15:59:39 - DEBUG: Команда изпратена (54 bytes)
2025-08-10 15:59:39 - DEBUG: Очакван размер на пакет: 10
2025-08-10 15:59:39 - DEBUG: Получен отговор: 
2025-08-10 15:59:39 - DEBUG: Затваряне на връзката
2025-08-10 15:59:52 - DEBUG: Опит за свързване с 192.168.1.19:27018
2025-08-10 15:59:52 - DEBUG: Успешно свързване
2025-08-10 15:59:52 - DEBUG: Изпращане на автентификация...
2025-08-10 15:59:52 - DEBUG: Автентификация изпратена (17 bytes)
2025-08-10 15:59:52 - DEBUG: Очакван размер на пакет: 10
2025-08-10 15:59:52 - DEBUG: Автентификация отговор: ID=1, Type=0
2025-08-10 15:59:52 - DEBUG: Изпращане на команда: sm_addvip "STEAM_0:0:457130173" 30 "vip"
2025-08-10 15:59:52 - DEBUG: Команда изпратена (54 bytes)
2025-08-10 15:59:52 - DEBUG: Очакван размер на пакет: 10
2025-08-10 15:59:52 - DEBUG: Получен отговор: 
2025-08-10 15:59:52 - DEBUG: Затваряне на връзката
2025-08-10 20:06:09 - DEBUG: Опит за свързване с 192.168.1.19:27016
2025-08-10 20:06:09 - DEBUG: Успешно свързване
2025-08-10 20:06:09 - DEBUG: Изпращане на автентификация...
2025-08-10 20:06:09 - DEBUG: Автентификация изпратена (17 bytes)
2025-08-10 20:06:09 - DEBUG: Очакван размер на пакет: 10
2025-08-10 20:06:09 - DEBUG: Автентификация отговор: ID=1, Type=0
2025-08-10 20:06:09 - DEBUG: Изпращане на команда: sm_addvip "STEAM_0:0:457130173" vip1 2592000
2025-08-10 20:06:09 - DEBUG: Команда изпратена (58 bytes)
2025-08-10 20:06:09 - DEBUG: Очакван размер на пакет: 10
2025-08-10 20:06:09 - DEBUG: Получен отговор: 
2025-08-10 20:06:09 - DEBUG: Затваряне на връзката
2025-08-10 20:06:19 - DEBUG: Опит за свързване с 192.168.1.19:27016
2025-08-10 20:06:19 - DEBUG: Успешно свързване
2025-08-10 20:06:19 - DEBUG: Изпращане на автентификация...
2025-08-10 20:06:19 - DEBUG: Автентификация изпратена (17 bytes)
2025-08-10 20:06:19 - DEBUG: Очакван размер на пакет: 10
2025-08-10 20:06:19 - DEBUG: Автентификация отговор: ID=1, Type=0
2025-08-10 20:06:19 - DEBUG: Изпращане на команда: sm_addvip "STEAM_0:0:457130173" vip1 2592000
2025-08-10 20:06:19 - DEBUG: Команда изпратена (58 bytes)
2025-08-10 20:06:19 - DEBUG: Очакван размер на пакет: 10
2025-08-10 20:06:19 - DEBUG: Получен отговор: 
2025-08-10 20:06:19 - DEBUG: Затваряне на връзката
2025-08-10 20:06:45 - DEBUG: Опит за свързване с 192.168.1.19:27018
2025-08-10 20:06:45 - DEBUG: Успешно свързване
2025-08-10 20:06:45 - DEBUG: Изпращане на автентификация...
2025-08-10 20:06:45 - DEBUG: Автентификация изпратена (17 bytes)
2025-08-10 20:06:45 - DEBUG: Очакван размер на пакет: 10
2025-08-10 20:06:45 - DEBUG: Автентификация отговор: ID=1, Type=0
2025-08-10 20:06:45 - DEBUG: Изпращане на команда: sm_addvip "STEAM_0:0:457130173" vip1 2592000
2025-08-10 20:06:45 - DEBUG: Команда изпратена (58 bytes)
2025-08-10 20:06:45 - DEBUG: Очакван размер на пакет: 10
2025-08-10 20:06:45 - DEBUG: Получен отговор: 
2025-08-10 20:06:45 - DEBUG: Затваряне на връзката
2025-08-10 20:07:14 - DEBUG: Опит за свързване с 192.168.1.19:27018
2025-08-10 20:07:14 - DEBUG: Успешно свързване
2025-08-10 20:07:14 - DEBUG: Изпращане на автентификация...
2025-08-10 20:07:14 - DEBUG: Автентификация изпратена (17 bytes)
2025-08-10 20:07:14 - DEBUG: Очакван размер на пакет: 10
2025-08-10 20:07:14 - DEBUG: Автентификация отговор: ID=1, Type=0
2025-08-10 20:07:14 - DEBUG: Изпращане на команда: sm_addvip "STEAM_0:0:457130173" vip1 "2592000"
2025-08-10 20:07:14 - DEBUG: Команда изпратена (60 bytes)
2025-08-10 20:07:14 - DEBUG: Очакван размер на пакет: 10
2025-08-10 20:07:14 - DEBUG: Получен отговор: 
2025-08-10 20:07:14 - DEBUG: Затваряне на връзката
